<?xml version="1.0" encoding="UTF-8"?>
<testng-results ignored="0" total="3" passed="3" failed="0" skipped="0">
  <reporter-output>
    <line>
      <![CDATA[hello python]]>
    </line>
    <line>
      <![CDATA[hello selenium]]>
    </line>
    <line>
      <![CDATA[hello java]]>
    </line>
  </reporter-output>
  <suite started-at="2022-10-08T17:42:35 IST" name="Suite" finished-at="2022-10-08T17:42:35 IST" duration-ms="106">
    <groups>
    </groups>
    <test started-at="2022-10-08T17:42:35 IST" name="Test" finished-at="2022-10-08T17:42:35 IST" duration-ms="106">
      <class name="scrpts.testcase2">
        <test-method signature="tc2()[pri:0, instance:scrpts.testcase2@67a20f67]" started-at="2022-10-08T17:42:35 IST" name="tc2" finished-at="2022-10-08T17:42:35 IST" duration-ms="1" status="PASS">
          <reporter-output>
            <line>
              <![CDATA[hello selenium]]>
            </line>
          </reporter-output>
        </test-method> <!-- tc2 -->
      </class> <!-- scrpts.testcase2 -->
      <class name="scrpts.testcase1">
        <test-method signature="tc1()[pri:0, instance:scrpts.testcase1@57c758ac]" started-at="2022-10-08T17:42:35 IST" name="tc1" finished-at="2022-10-08T17:42:35 IST" duration-ms="2" status="PASS">
          <reporter-output>
            <line>
              <![CDATA[hello java]]>
            </line>
          </reporter-output>
        </test-method> <!-- tc1 -->
      </class> <!-- scrpts.testcase1 -->
      <class name="scrpts.testcase3">
        <test-method signature="tc3()[pri:0, instance:scrpts.testcase3@3c130745]" started-at="2022-10-08T17:42:35 IST" name="tc3" finished-at="2022-10-08T17:42:35 IST" duration-ms="12" status="PASS">
          <reporter-output>
            <line>
              <![CDATA[hello python]]>
            </line>
          </reporter-output>
        </test-method> <!-- tc3 -->
      </class> <!-- scrpts.testcase3 -->
    </test> <!-- Test -->
  </suite> <!-- Suite -->
</testng-results>
